<?xml version="1.0" encoding="UTF-8"?>
<testsuite xmlns:xsi="http://www.w3.org/2001/XMLSchema-instance" xsi:noNamespaceSchemaLocation="https://maven.apache.org/surefire/maven-surefire-plugin/xsd/surefire-test-report.xsd" version="3.0.2" name="com.gdxsoft.message.sms.SmsAliImplTest" time="3.78" tests="18" errors="0" skipped="0" failures="0">
  <properties>
[...]
</properties>
  <testcase name="percentEncode_chinese" classname="percentEncode_chinese()" time="0.01"/>
  <testcase name="buildCommonParams_noSignatureBeforeSigning" classname="buildCommonParams_noSignatureBeforeSigning()" time="0.024"/>
  <testcase name="buildQueryString_encoded" classname="buildQueryString_encoded()" time="0.001"/>
  <testcase name="getSendResponseResult_mapsFields" classname="getSendResponseResult_mapsFields()" time="0.002"/>
  <testcase name="hmacSha1_differentKeysProduceDifferentSignatures" classname="hmacSha1_differentKeysProduceDifferentSignatures()" time="0.014"/>
  <testcase name="buildCommonParams_hasRequiredKeys" classname="buildCommonParams_hasRequiredKeys()" time="0.001"/>
  <testcase name="percentEncode_null" classname="percentEncode_null()" time="0.001"/>
  <testcase name="sendSmsArray_fakeAk_returnsErrorCode" classname="sendSmsArray_fakeAk_returnsErrorCode()" time="0.535">
    <system-err><![CDATA[SLF4J(W): No SLF4J providers were found.
SLF4J(W): Defaulting to no-operation (NOP) logger implementation
SLF4J(W): See https://www.slf4j.org/codes.html#noProviders for further details.
SLF4J(W): Class path contains SLF4J bindings targeting slf4j-api versions 1.7.x or earlier.
SLF4J(W): Ignoring binding found at [jar:file:/Users/admin/.m2/repository/org/slf4j/slf4j-log4j12/1.7.30/slf4j-log4j12-1.7.30.jar!/org/slf4j/impl/StaticLoggerBinder.class]
SLF4J(W): Ignoring binding found at [jar:file:/Users/admin/.m2/repository/org/slf4j/slf4j-jdk14/1.7.32/slf4j-jdk14-1.7.32.jar!/org/slf4j/impl/StaticLoggerBinder.class]
SLF4J(W): See https://www.slf4j.org/codes.html#ignoredBindings for an explanation.
]]></system-err>
  </testcase>
  <testcase name="hmacSha1_deterministic" classname="hmacSha1_deterministic()" time="0.0"/>
  <testcase name="buildQueryString_sorted" classname="buildQueryString_sorted()" time="0.0"/>
  <testcase name="percentEncode_space" classname="percentEncode_space()" time="0.0"/>
  <testcase name="hmacSha1_nonEmpty" classname="hmacSha1_nonEmpty()" time="0.0"/>
  <testcase name="percentEncode_tilde" classname="percentEncode_tilde()" time="0.0"/>
  <testcase name="sendSms_fakeAk_returnsErrorCode" classname="sendSms_fakeAk_returnsErrorCode()" time="0.058"/>
  <testcase name="sendSmsAndGetResponse_fakeAk_returnsErrorCode" classname="sendSmsAndGetResponse_fakeAk_returnsErrorCode()" time="3.057"/>
  <testcase name="phoneDedup_sameNumberCalledTwice" classname="phoneDedup_sameNumberCalledTwice()" time="0.062"/>
  <testcase name="percentEncode_asterisk" classname="percentEncode_asterisk()" time="0.0"/>
  <testcase name="provider_isALI" classname="provider_isALI()" time="0.0"/>
</testsuite>