<?xml version="1.0" encoding="UTF-8"?>
<testsuite xmlns:xsi="http://www.w3.org/2001/XMLSchema-instance" xsi:noNamespaceSchemaLocation="https://maven.apache.org/surefire/maven-surefire-plugin/xsd/surefire-test-report.xsd" version="3.0.2" name="com.gdxsoft.web.message.email.OutlookTest" time="0.058" tests="11" errors="0" skipped="0" failures="0">
  <properties>
[...]
</properties>
  <testcase name="attachBinaryAttachment_emptyTo_skipped" classname="attachBinaryAttachment_emptyTo_skipped()" time="0.032">
    <system-err><![CDATA[SLF4J(W): No SLF4J providers were found.
SLF4J(W): Defaulting to no-operation (NOP) logger implementation
SLF4J(W): See https://www.slf4j.org/codes.html#noProviders for further details.
SLF4J(W): Class path contains SLF4J bindings targeting slf4j-api versions 1.7.x or earlier.
SLF4J(W): Ignoring binding found at [jar:file:/Users/admin/.m2/repository/org/slf4j/slf4j-log4j12/1.7.30/slf4j-log4j12-1.7.30.jar!/org/slf4j/impl/StaticLoggerBinder.class]
SLF4J(W): Ignoring binding found at [jar:file:/Users/admin/.m2/repository/org/slf4j/slf4j-jdk14/1.7.32/slf4j-jdk14-1.7.32.jar!/org/slf4j/impl/StaticLoggerBinder.class]
SLF4J(W): See https://www.slf4j.org/codes.html#ignoredBindings for an explanation.
]]></system-err>
  </testcase>
  <testcase name="escapeIcsText_nullReturnsEmpty" classname="escapeIcsText_nullReturnsEmpty()" time="0.002"/>
  <testcase name="escapeIcsParam_nullReturnsEmpty" classname="escapeIcsParam_nullReturnsEmpty()" time="0.0"/>
  <testcase name="escapeIcsParam_escapesQuote" classname="escapeIcsParam_escapesQuote()" time="0.0"/>
  <testcase name="escapeIcsText_preservesPlainText" classname="escapeIcsText_preservesPlainText()" time="0.001"/>
  <testcase name="escapeIcsText_escapesCrLf" classname="escapeIcsText_escapesCrLf()" time="0.0"/>
  <testcase name="attachBinaryAttachment_hasUid" classname="attachBinaryAttachment_hasUid()" time="0.001"/>
  <testcase name="escapeIcsText_escapesBackslash" classname="escapeIcsText_escapesBackslash()" time="0.0"/>
  <testcase name="escapeIcsText_escapesNewline" classname="escapeIcsText_escapesNewline()" time="0.0"/>
  <testcase name="attachBinaryAttachment_handlesSpecialChars" classname="attachBinaryAttachment_handlesSpecialChars()" time="0.001"/>
  <testcase name="attachBinaryAttachment_producesValidIcs" classname="attachBinaryAttachment_producesValidIcs()" time="0.011"/>
</testsuite>